 obs_sequence
obs_kind_definitions
           1
          42 MIDAS_TEC                      
  num_copies:            1  num_qc:            1
  num_obs:           30  max_num_obs:           30
observation                                                     
MIDAS QC                                                        
  first:            1  last:           30
 OBS            1
   1.76592000000000     
  0.000000000000000E+000
          -1           2          -1
obdef
loc3d
     4.799655442984406       -0.5759586531581288         0.000000000000000     -2
kind
          42
 14400     148841
   502.868430215445     
 OBS            2
   1.98042500000000     
  0.000000000000000E+000
           1           3          -1
obdef
loc3d
     4.799655442984406       -0.4014257279586958         0.000000000000000     -2
kind
          42
 14400     148841
   104.589354291526     
 OBS            3
   1.34383500000000     
  0.000000000000000E+000
           2           4          -1
obdef
loc3d
     4.799655442984406       -0.2268928027592629         0.000000000000000     -2
kind
          42
 14400     148841
   173.563280743342     
 OBS            4
  0.946517500000000     
  0.000000000000000E+000
           3           5          -1
obdef
loc3d
     4.799655442984406       -0.5235987755982989E-01     0.000000000000000     -2
kind
          42
 14400     148841
   333.533492062274     
 OBS            5
   1.04586250000000     
  0.000000000000000E+000
           4           6          -1
obdef
loc3d
     4.799655442984406        0.1221730476396031         0.000000000000000     -2
kind
          42
 14400     148841
   510.232207261501     
 OBS            6
   1.09334250000000     
  0.000000000000000E+000
           5           7          -1
obdef
loc3d
     4.974188368183839       -0.5759586531581288         0.000000000000000     -2
kind
          42
 14400     148841
   330.726708966797     
 OBS            7
  0.920400000000000     
  0.000000000000000E+000
           6           8          -1
obdef
loc3d
     4.974188368183839       -0.4014257279586958         0.000000000000000     -2
kind
          42
 14400     148841
   19.0335712490342     
 OBS            8
  0.876945000000000     
  0.000000000000000E+000
           7           9          -1
obdef
loc3d
     4.974188368183839       -0.2268928027592629         0.000000000000000     -2
kind
          42
 14400     148841
   57.3770673641912     
 OBS            9
   1.10899500000000     
  0.000000000000000E+000
           8          10          -1
obdef
loc3d
     4.974188368183839       -0.5235987755982989E-01     0.000000000000000     -2
kind
          42
 14400     148841
   166.629208142426     
 OBS           10
   1.12339000000000     
  0.000000000000000E+000
           9          11          -1
obdef
loc3d
     4.974188368183839        0.1221730476396031         0.000000000000000     -2
kind
          42
 14400     148841
   497.547511092740     
 OBS           11
  0.785110000000000     
  0.000000000000000E+000
          10          12          -1
obdef
loc3d
     5.148721293383272       -0.5759586531581288         0.000000000000000     -2
kind
          42
 14400     148841
   222.056108222663     
 OBS           12
  0.629235000000000     
  0.000000000000000E+000
          11          13          -1
obdef
loc3d
     5.148721293383272       -0.4014257279586958         0.000000000000000     -2
kind
          42
 14400     148841
   6.65487589655559     
 OBS           13
  0.836637500000000     
  0.000000000000000E+000
          12          14          -1
obdef
loc3d
     5.148721293383272       -0.2268928027592629         0.000000000000000     -2
kind
          42
 14400     148841
   15.1461493016095     
 OBS           14
  0.986567500000000     
  0.000000000000000E+000
          13          15          -1
obdef
loc3d
     5.148721293383272       -0.5235987755982989E-01     0.000000000000000     -2
kind
          42
 14400     148841
   6.09263763968674     
 OBS           15
  0.892440000000000     
  0.000000000000000E+000
          14          16          -1
obdef
loc3d
     5.148721293383272        0.1221730476396031         0.000000000000000     -2
kind
          42
 14400     148841
   313.446004075520     
 OBS           16
  0.363645000000000     
  0.000000000000000E+000
          15          17          -1
obdef
loc3d
     5.323254218582705       -0.5759586531581288         0.000000000000000     -2
kind
          42
 14400     148841
   391.630975297699     
 OBS           17
  0.643900000000000     
  0.000000000000000E+000
          16          18          -1
obdef
loc3d
     5.323254218582705       -0.4014257279586958         0.000000000000000     -2
kind
          42
 14400     148841
   35.6742142614199     
 OBS           18
  0.743677500000000     
  0.000000000000000E+000
          17          19          -1
obdef
loc3d
     5.323254218582705       -0.2268928027592629         0.000000000000000     -2
kind
          42
 14400     148841
   3.33465283893024     
 OBS           19
  0.640297500000000     
  0.000000000000000E+000
          18          20          -1
obdef
loc3d
     5.323254218582705       -0.5235987755982989E-01     0.000000000000000     -2
kind
          42
 14400     148841
   1.00000000000000     
 OBS           20
  0.394207500000000     
  0.000000000000000E+000
          19          21          -1
obdef
loc3d
     5.323254218582705        0.1221730476396031         0.000000000000000     -2
kind
          42
 14400     148841
   57.9722653515067     
 OBS           21
 -0.433075000000000     
  0.000000000000000E+000
          20          22          -1
obdef
loc3d
     5.497787143782138       -0.5759586531581288         0.000000000000000     -2
kind
          42
 14400     148841
   280.844398518228     
 OBS           22
 -0.104725000000000     
  0.000000000000000E+000
          21          23          -1
obdef
loc3d
     5.497787143782138       -0.4014257279586958         0.000000000000000     -2
kind
          42
 14400     148841
   12.6439655754138     
 OBS           23
  0.317897500000000     
  0.000000000000000E+000
          22          24          -1
obdef
loc3d
     5.497787143782138       -0.2268928027592629         0.000000000000000     -2
kind
          42
 14400     148841
   1.22764845823900     
 OBS           24
  0.434377500000000     
  0.000000000000000E+000
          23          25          -1
obdef
loc3d
     5.497787143782138       -0.5235987755982989E-01     0.000000000000000     -2
kind
          42
 14400     148841
   2.49761800172838     
 OBS           25
  0.465325000000000     
  0.000000000000000E+000
          24          26          -1
obdef
loc3d
     5.497787143782138        0.1221730476396031         0.000000000000000     -2
kind
          42
 14400     148841
   11.0120134638341     
 OBS           26
  -1.22896000000000     
  0.000000000000000E+000
          25          27          -1
obdef
loc3d
     5.672320068981571       -0.5759586531581288         0.000000000000000     -2
kind
          42
 14400     148841
   497.188012646117     
 OBS           27
 -0.856172500000000     
  0.000000000000000E+000
          26          28          -1
obdef
loc3d
     5.672320068981571       -0.4014257279586958         0.000000000000000     -2
kind
          42
 14400     148841
   236.857598476525     
 OBS           28
 -0.372127500000000     
  0.000000000000000E+000
          27          29          -1
obdef
loc3d
     5.672320068981571       -0.2268928027592629         0.000000000000000     -2
kind
          42
 14400     148841
   80.8557289826660     
 OBS           29
  0.118057500000000     
  0.000000000000000E+000
          28          30          -1
obdef
loc3d
     5.672320068981571       -0.5235987755982989E-01     0.000000000000000     -2
kind
          42
 14400     148841
   110.519661678569     
 OBS           30
  0.649287500000000     
  0.000000000000000E+000
          29          -1          -1
obdef
loc3d
     5.672320068981571        0.1221730476396031         0.000000000000000     -2
kind
          42
 14400     148841
   223.204398502490     
