 
 --------------------------------------
 Starting ... at YYYY MM DD HH MM SS = 
                 2019 10 16 21 56 16
 Program preprocess
 --------------------------------------
 
  set_nml_output Echo NML values to log file only
 Path names of default obs_def and obs_kind modules
 ../../../observations/forward_operators/DEFAULT_obs_def_mod.F90
 ../../../assimilation_code/modules/observations/DEFAULT_obs_kind_mod.F90
 Path names of output obs_def and obs_kind modules
 ../../../observations/forward_operators/obs_def_mod.f90
 ../../../assimilation_code/modules/observations/obs_kind_mod.f90
 INPUT obs_def files follow:
 ../../../observations/forward_operators/obs_def_gps_mod.f90
 ../../../observations/forward_operators/obs_def_reanalysis_bufr_mod.f90
 ../../../observations/forward_operators/obs_def_altimeter_mod.f90
 ../../../observations/forward_operators/obs_def_upper_atm_mod.f90
 INPUT model files follow:
  preprocess Finished successfully.
 
 --------------------------------------
 Finished ... at YYYY MM DD HH MM SS = 
                 2019 10 16 21 56 16
 Program preprocess
 --------------------------------------
 
 
 --------------------------------------
 Starting ... at YYYY MM DD HH MM SS = 
                 2019 10 16 22 20  5
 Program preprocess
 --------------------------------------
 
  set_nml_output Echo NML values to log file only
 Path names of default obs_def and obs_kind modules
 ../../../observations/forward_operators/DEFAULT_obs_def_mod.F90
 ../../../assimilation_code/modules/observations/DEFAULT_obs_kind_mod.F90
 Path names of output obs_def and obs_kind modules
 ../../../observations/forward_operators/obs_def_mod.f90
 ../../../assimilation_code/modules/observations/obs_kind_mod.f90
 INPUT obs_def files follow:
 ../../../observations/forward_operators/obs_def_gps_mod.f90
 ../../../observations/forward_operators/obs_def_reanalysis_bufr_mod.f90
 ../../../observations/forward_operators/obs_def_altimeter_mod.f90
 ../../../observations/forward_operators/obs_def_upper_atm_mod.f90
 INPUT model files follow:
  preprocess Finished successfully.
 
 --------------------------------------
 Finished ... at YYYY MM DD HH MM SS = 
                 2019 10 16 22 20  5
 Program preprocess
 --------------------------------------
 
 
 --------------------------------------
 Starting ... at YYYY MM DD HH MM SS = 
                 2019 10 18  8 57 28
 Program preprocess
 --------------------------------------
 
  set_nml_output Echo NML values to log file only
 Path names of default obs_def and obs_kind modules
 ../../../observations/forward_operators/DEFAULT_obs_def_mod.F90
 ../../../assimilation_code/modules/observations/DEFAULT_obs_kind_mod.F90
 Path names of output obs_def and obs_kind modules
 ../../../observations/forward_operators/obs_def_mod.f90
 ../../../assimilation_code/modules/observations/obs_kind_mod.f90
 INPUT obs_def files follow:
 ../../../observations/forward_operators/obs_def_gps_mod.f90
 ../../../observations/forward_operators/obs_def_reanalysis_bufr_mod.f90
 ../../../observations/forward_operators/obs_def_altimeter_mod.f90
 ../../../observations/forward_operators/obs_def_upper_atm_mod.f90
 INPUT model files follow:
  preprocess Finished successfully.
 
 --------------------------------------
 Finished ... at YYYY MM DD HH MM SS = 
                 2019 10 18  8 57 29
 Program preprocess
 --------------------------------------
 
 
 --------------------------------------
 Starting ... at YYYY MM DD HH MM SS = 
                 2019 10 21 11  7  7
 Program preprocess
 --------------------------------------
 
  set_nml_output Echo NML values to log file only
 Path names of default obs_def and obs_kind modules
 ../../../observations/forward_operators/DEFAULT_obs_def_mod.F90
 ../../../assimilation_code/modules/observations/DEFAULT_obs_kind_mod.F90
 Path names of output obs_def and obs_kind modules
 ../../../observations/forward_operators/obs_def_mod.f90
 ../../../assimilation_code/modules/observations/obs_kind_mod.f90
 INPUT obs_def files follow:
 ../../../observations/forward_operators/obs_def_gps_mod.f90
 ../../../observations/forward_operators/obs_def_reanalysis_bufr_mod.f90
 ../../../observations/forward_operators/obs_def_altimeter_mod.f90
 ../../../observations/forward_operators/obs_def_upper_atm_mod.f90
 INPUT model files follow:
  preprocess Finished successfully.
 
 --------------------------------------
 Finished ... at YYYY MM DD HH MM SS = 
                 2019 10 21 11  7  8
 Program preprocess
 --------------------------------------
 
 
 --------------------------------------
 Starting ... at YYYY MM DD HH MM SS = 
                 2019 10 23 21  6 55
 Program preprocess
 --------------------------------------
 
  set_nml_output Echo NML values to log file only
 Path names of default obs_def and obs_kind modules
 ../../../observations/forward_operators/DEFAULT_obs_def_mod.F90
 ../../../assimilation_code/modules/observations/DEFAULT_obs_kind_mod.F90
 Path names of output obs_def and obs_kind modules
 ../../../observations/forward_operators/obs_def_mod.f90
 ../../../assimilation_code/modules/observations/obs_kind_mod.f90
 INPUT obs_def files follow:
 ../../../observations/forward_operators/obs_def_gps_mod.f90
 ../../../observations/forward_operators/obs_def_reanalysis_bufr_mod.f90
 ../../../observations/forward_operators/obs_def_altimeter_mod.f90
 ../../../observations/forward_operators/obs_def_upper_atm_mod.f90
 INPUT model files follow:
  preprocess Finished successfully.
 
 --------------------------------------
 Finished ... at YYYY MM DD HH MM SS = 
                 2019 10 23 21  7  8
 Program preprocess
 --------------------------------------
 
